\BOOKMARK [1][-]{section.1}{Groupes}{}
\BOOKMARK [2][-]{subsection.1.1}{Groupes}{section.1}
\BOOKMARK [2][-]{subsection.1.2}{Morphisme de groupes}{section.1}
\BOOKMARK [2][-]{subsection.1.3}{Sous-groupes}{section.1}
\BOOKMARK [2][-]{subsection.1.4}{Le groupe sym\351trique}{section.1}
\BOOKMARK [2][-]{subsection.1.5}{Conjugaison}{section.1}
\BOOKMARK [2][-]{subsection.1.6}{Th\351or\350mes d'isomorphisme}{section.1}
\BOOKMARK [2][-]{subsection.1.7}{Actions de groupes}{section.1}
\BOOKMARK [2][-]{subsection.1.8}{Groupe ab\351lien de type fini}{section.1}
\BOOKMARK [1][-]{section.2}{Anneaux}{}
\BOOKMARK [2][-]{subsection.2.1}{D\351finitons}{section.2}
\BOOKMARK [2][-]{subsection.2.2}{Sous-anneaux et id\351aux}{section.2}
\BOOKMARK [2][-]{subsection.2.3}{Morphismes d'anneaux et quotients}{section.2}
\BOOKMARK [2][-]{subsection.2.4}{Alg\350bre}{section.2}
\BOOKMARK [2][-]{subsection.2.5}{G\351n\351ralit\351 sur les anneaux commutatifs}{section.2}
\BOOKMARK [3][-]{subsubsection.2.5.1}{Formule du bin\364me de Newton}{subsection.2.5}
\BOOKMARK [3][-]{subsubsection.2.5.2}{Rappels}{subsection.2.5}
\BOOKMARK [3][-]{subsubsection.2.5.3}{Propri\351t\351e des id\351aux}{subsection.2.5}
\BOOKMARK [3][-]{subsubsection.2.5.4}{Id\351aux premiers et maximaux}{subsection.2.5}
\BOOKMARK [3][-]{subsubsection.2.5.5}{Anneaux de fractions}{subsection.2.5}
\BOOKMARK [2][-]{subsection.2.6}{Anneaux euclidiens, principaux, et factoriels}{section.2}
\BOOKMARK [3][-]{subsubsection.2.6.1}{Divisibilit\351}{subsection.2.6}
\BOOKMARK [3][-]{subsubsection.2.6.2}{Anneaux Noeth\351riens}{subsection.2.6}
\BOOKMARK [3][-]{subsubsection.2.6.3}{Pgcd, ppcm, \351lements premiers entre eux}{subsection.2.6}
\BOOKMARK [1][-]{section.3}{Modules}{}
\BOOKMARK [2][-]{subsection.3.1}{D\351finitions}{section.3}
\BOOKMARK [3][-]{subsubsection.3.1.1}{Modules}{subsection.3.1}
\BOOKMARK [2][-]{subsection.3.2}{Sous-modules et applications lin\351aires}{section.3}
\BOOKMARK [2][-]{subsection.3.3}{Produit et somme directe de modules}{section.3}
\BOOKMARK [2][-]{subsection.3.4}{Module quotient}{section.3}
\BOOKMARK [2][-]{subsection.3.5}{Suites exactes}{section.3}
\BOOKMARK [2][-]{subsection.3.6}{Modules de type fini}{section.3}
\BOOKMARK [2][-]{subsection.3.7}{Alg\350bre de type finie}{section.3}
\BOOKMARK [2][-]{subsection.3.8}{Modules libres et modules de torsion}{section.3}
\BOOKMARK [3][-]{subsubsection.3.8.1}{Modules libres}{subsection.3.8}
\BOOKMARK [3][-]{subsubsection.3.8.2}{Torsion}{subsection.3.8}
\BOOKMARK [3][-]{subsubsection.3.8.3}{Module de fraction}{subsection.3.8}
